[debug] [2026-02-07T01:29:53.430Z] ----------------------------------------------------------------------
[debug] [2026-02-07T01:29:53.431Z] Command:       /usr/local/bin/firebase /home/mcesel/.cache/firebase/tools/lib/node_modules/firebase-tools/lib/bin/firebase deploy
[debug] [2026-02-07T01:29:53.432Z] CLI Version:   15.1.0
[debug] [2026-02-07T01:29:53.432Z] Platform:      linux
[debug] [2026-02-07T01:29:53.432Z] Node Version:  v20.18.2
[debug] [2026-02-07T01:29:53.432Z] Time:          Fri Feb 06 2026 17:29:53 GMT-0800 (Pacific Standard Time)
[debug] [2026-02-07T01:29:53.432Z] ----------------------------------------------------------------------
[debug] 
[debug] [2026-02-07T01:29:53.968Z] > command requires scopes: ["email","openid","https://www.googleapis.com/auth/cloudplatformprojects.readonly","https://www.googleapis.com/auth/firebase","https://www.googleapis.com/auth/cloud-platform"]
[debug] [2026-02-07T01:29:53.968Z] > authorizing via signed-in user (khan@americanworx.com)
[debug] [2026-02-07T01:29:53.969Z] [iam] checking project toolsworx-344a5 for permissions ["firebase.projects.get",null]
[debug] [2026-02-07T01:29:53.969Z] Checked if tokens are valid: true, expires at: 1770431370448
[debug] [2026-02-07T01:29:53.969Z] Checked if tokens are valid: true, expires at: 1770431370448
[debug] [2026-02-07T01:29:53.970Z] >>> [apiv2][query] POST https://cloudresourcemanager.googleapis.com/v1/projects/toolsworx-344a5:testIamPermissions [none]
[debug] [2026-02-07T01:29:53.970Z] >>> [apiv2][(partial)header] POST https://cloudresourcemanager.googleapis.com/v1/projects/toolsworx-344a5:testIamPermissions x-goog-quota-user=projects/toolsworx-344a5
[debug] [2026-02-07T01:29:53.970Z] >>> [apiv2][body] POST https://cloudresourcemanager.googleapis.com/v1/projects/toolsworx-344a5:testIamPermissions {"permissions":["firebase.projects.get",null]}
[debug] [2026-02-07T01:29:56.701Z] <<< [apiv2][status] POST https://cloudresourcemanager.googleapis.com/v1/projects/toolsworx-344a5:testIamPermissions 200
[debug] [2026-02-07T01:29:56.702Z] <<< [apiv2][body] POST https://cloudresourcemanager.googleapis.com/v1/projects/toolsworx-344a5:testIamPermissions {"permissions":["firebase.projects.get"]}
[debug] [2026-02-07T01:29:56.702Z] [iam] error while checking permissions, command may fail: Authorization failed. This account is missing the following required permissions on project toolsworx-344a5:

  
[info] 
[info] === Deploying to 'toolsworx-344a5'...
[info] 
[info] i  deploying apphosting 
[debug] [2026-02-07T01:29:56.706Z] Checked if tokens are valid: true, expires at: 1770431370448
[debug] [2026-02-07T01:29:56.707Z] Checked if tokens are valid: true, expires at: 1770431370448
[debug] [2026-02-07T01:29:56.707Z] >>> [apiv2][query] POST https://iam.googleapis.com/v1/projects/toolsworx-344a5/serviceAccounts/firebase-app-hosting-compute@toolsworx-344a5.iam.gserviceaccount.com:testIamPermissions [none]
[debug] [2026-02-07T01:29:56.707Z] >>> [apiv2][(partial)header] POST https://iam.googleapis.com/v1/projects/toolsworx-344a5/serviceAccounts/firebase-app-hosting-compute@toolsworx-344a5.iam.gserviceaccount.com:testIamPermissions x-goog-quota-user=projects/toolsworx-344a5
[debug] [2026-02-07T01:29:56.707Z] >>> [apiv2][body] POST https://iam.googleapis.com/v1/projects/toolsworx-344a5/serviceAccounts/firebase-app-hosting-compute@toolsworx-344a5.iam.gserviceaccount.com:testIamPermissions {"permissions":["iam.serviceAccounts.actAs"]}
[debug] [2026-02-07T01:29:58.339Z] <<< [apiv2][status] POST https://iam.googleapis.com/v1/projects/toolsworx-344a5/serviceAccounts/firebase-app-hosting-compute@toolsworx-344a5.iam.gserviceaccount.com:testIamPermissions 200
[debug] [2026-02-07T01:29:58.339Z] <<< [apiv2][body] POST https://iam.googleapis.com/v1/projects/toolsworx-344a5/serviceAccounts/firebase-app-hosting-compute@toolsworx-344a5.iam.gserviceaccount.com:testIamPermissions {"permissions":["iam.serviceAccounts.actAs"]}
[debug] [2026-02-07T01:29:58.340Z] Checked if tokens are valid: true, expires at: 1770431370448
[debug] [2026-02-07T01:29:58.340Z] Checked if tokens are valid: true, expires at: 1770431370448
[debug] [2026-02-07T01:29:58.340Z] >>> [apiv2][query] POST https://iam.googleapis.com/v1/projects/toolsworx-344a5/serviceAccounts [none]
[debug] [2026-02-07T01:29:58.340Z] >>> [apiv2][body] POST https://iam.googleapis.com/v1/projects/toolsworx-344a5/serviceAccounts {"accountId":"firebase-app-hosting-compute","serviceAccount":{"displayName":"Firebase App Hosting compute service account","description":"Default service account used to run builds and deploys for Firebase App Hosting"}}
[debug] [2026-02-07T01:29:58.848Z] <<< [apiv2][status] POST https://iam.googleapis.com/v1/projects/toolsworx-344a5/serviceAccounts 409
[debug] [2026-02-07T01:29:58.849Z] <<< [apiv2][body] POST https://iam.googleapis.com/v1/projects/toolsworx-344a5/serviceAccounts [omitted]
[debug] [2026-02-07T01:29:58.850Z] Checked if tokens are valid: true, expires at: 1770431370448
[debug] [2026-02-07T01:29:58.851Z] Checked if tokens are valid: true, expires at: 1770431370448
[debug] [2026-02-07T01:29:58.851Z] >>> [apiv2][query] POST https://cloudresourcemanager.googleapis.com/v1/projects/toolsworx-344a5:getIamPolicy [none]
[debug] [2026-02-07T01:29:59.259Z] <<< [apiv2][status] POST https://cloudresourcemanager.googleapis.com/v1/projects/toolsworx-344a5:getIamPolicy 200
[debug] [2026-02-07T01:29:59.259Z] <<< [apiv2][body] POST https://cloudresourcemanager.googleapis.com/v1/projects/toolsworx-344a5:getIamPolicy {"version":1,"etag":"BwZJbfXtOpk=","bindings":[{"role":"roles/artifactregistry.serviceAgent","members":["serviceAccount:service-905466639122@gcp-sa-artifactregistry.iam.gserviceaccount.com"]},{"role":"roles/cloudbuild.builds.builder","members":["serviceAccount:905466639122@cloudbuild.gserviceaccount.com"]},{"role":"roles/cloudbuild.serviceAgent","members":["serviceAccount:service-905466639122@gcp-sa-cloudbuild.iam.gserviceaccount.com"]},{"role":"roles/compute.instanceGroupManagerServiceAgent","members":["serviceAccount:905466639122@cloudservices.gserviceaccount.com"]},{"role":"roles/compute.serviceAgent","members":["serviceAccount:service-905466639122@compute-system.iam.gserviceaccount.com"]},{"role":"roles/containerregistry.ServiceAgent","members":["serviceAccount:service-905466639122@containerregistry.iam.gserviceaccount.com"]},{"role":"roles/developerconnect.readTokenAccessor","members":["serviceAccount:firebase-app-hosting-compute@toolsworx-344a5.iam.gserviceaccount.com"]},{"role":"roles/developerconnect.serviceAgent","members":["serviceAccount:service-905466639122@gcp-sa-devconnect.iam.gserviceaccount.com"]},{"role":"roles/editor","members":["serviceAccount:905466639122-compute@developer.gserviceaccount.com"]},{"role":"roles/firebase.managementServiceAgent","members":["serviceAccount:service-905466639122@gcp-sa-firebase.iam.gserviceaccount.com"]},{"role":"roles/firebase.sdkAdminServiceAgent","members":["serviceAccount:firebase-adminsdk-fbsvc@toolsworx-344a5.iam.gserviceaccount.com","serviceAccount:firebase-app-hosting-compute@toolsworx-344a5.iam.gserviceaccount.com"]},{"role":"roles/firebaseapphosting.computeRunner","members":["serviceAccount:firebase-app-hosting-compute@toolsworx-344a5.iam.gserviceaccount.com"]},{"role":"roles/firebaseapphosting.serviceAgent","members":["serviceAccount:service-905466639122@gcp-sa-firebaseapphosting.iam.gserviceaccount.com"]},{"role":"roles/firebaseauth.admin","members":["serviceAccount:firebase-adminsdk-fbsvc@toolsworx-344a5.iam.gserviceaccount.com"]},{"role":"roles/firebaserules.system","members":["serviceAccount:service-905466639122@firebase-rules.iam.gserviceaccount.com"]},{"role":"roles/firestore.serviceAgent","members":["serviceAccount:service-905466639122@gcp-sa-firestore.iam.gserviceaccount.com"]},{"role":"roles/iam.serviceAccountTokenCreator","members":["serviceAccount:firebase-adminsdk-fbsvc@toolsworx-344a5.iam.gserviceaccount.com"]},{"role":"roles/owner","members":["user:khan@americanworx.com"]},{"role":"roles/run.serviceAgent","members":["serviceAccount:service-905466639122@serverless-robot-prod.iam.gserviceaccount.com"]},{"role":"roles/secretmanager.admin_withcond_fb5ceddfbb33e0ab9558","members":["serviceAccount:service-905466639122@gcp-sa-devconnect.iam.gserviceaccount.com"]},{"role":"roles/storage.objectViewer","members":["serviceAccount:firebase-app-hosting-compute@toolsworx-344a5.iam.gserviceaccount.com"]}]}
[debug] [2026-02-07T01:29:59.260Z] Checked if tokens are valid: true, expires at: 1770431370448
[debug] [2026-02-07T01:29:59.260Z] Checked if tokens are valid: true, expires at: 1770431370448
[debug] [2026-02-07T01:29:59.261Z] >>> [apiv2][query] POST https://cloudresourcemanager.googleapis.com/v1/projects/toolsworx-344a5:setIamPolicy [none]
[debug] [2026-02-07T01:29:59.261Z] >>> [apiv2][body] POST https://cloudresourcemanager.googleapis.com/v1/projects/toolsworx-344a5:setIamPolicy {"policy":{"version":1,"etag":"BwZJbfXtOpk=","bindings":[{"role":"roles/artifactregistry.serviceAgent","members":["serviceAccount:service-905466639122@gcp-sa-artifactregistry.iam.gserviceaccount.com"]},{"role":"roles/cloudbuild.builds.builder","members":["serviceAccount:905466639122@cloudbuild.gserviceaccount.com"]},{"role":"roles/cloudbuild.serviceAgent","members":["serviceAccount:service-905466639122@gcp-sa-cloudbuild.iam.gserviceaccount.com"]},{"role":"roles/compute.instanceGroupManagerServiceAgent","members":["serviceAccount:905466639122@cloudservices.gserviceaccount.com"]},{"role":"roles/compute.serviceAgent","members":["serviceAccount:service-905466639122@compute-system.iam.gserviceaccount.com"]},{"role":"roles/containerregistry.ServiceAgent","members":["serviceAccount:service-905466639122@containerregistry.iam.gserviceaccount.com"]},{"role":"roles/developerconnect.readTokenAccessor","members":["serviceAccount:firebase-app-hosting-compute@toolsworx-344a5.iam.gserviceaccount.com"]},{"role":"roles/developerconnect.serviceAgent","members":["serviceAccount:service-905466639122@gcp-sa-devconnect.iam.gserviceaccount.com"]},{"role":"roles/editor","members":["serviceAccount:905466639122-compute@developer.gserviceaccount.com"]},{"role":"roles/firebase.managementServiceAgent","members":["serviceAccount:service-905466639122@gcp-sa-firebase.iam.gserviceaccount.com"]},{"role":"roles/firebase.sdkAdminServiceAgent","members":["serviceAccount:firebase-adminsdk-fbsvc@toolsworx-344a5.iam.gserviceaccount.com","serviceAccount:firebase-app-hosting-compute@toolsworx-344a5.iam.gserviceaccount.com"]},{"role":"roles/firebaseapphosting.computeRunner","members":["serviceAccount:firebase-app-hosting-compute@toolsworx-344a5.iam.gserviceaccount.com"]},{"role":"roles/firebaseapphosting.serviceAgent","members":["serviceAccount:service-905466639122@gcp-sa-firebaseapphosting.iam.gserviceaccount.com"]},{"role":"roles/firebaseauth.admin","members":["serviceAccount:firebase-adminsdk-fbsvc@toolsworx-344a5.iam.gserviceaccount.com"]},{"role":"roles/firebaserules.system","members":["serviceAccount:service-905466639122@firebase-rules.iam.gserviceaccount.com"]},{"role":"roles/firestore.serviceAgent","members":["serviceAccount:service-905466639122@gcp-sa-firestore.iam.gserviceaccount.com"]},{"role":"roles/iam.serviceAccountTokenCreator","members":["serviceAccount:firebase-adminsdk-fbsvc@toolsworx-344a5.iam.gserviceaccount.com"]},{"role":"roles/owner","members":["user:khan@americanworx.com"]},{"role":"roles/run.serviceAgent","members":["serviceAccount:service-905466639122@serverless-robot-prod.iam.gserviceaccount.com"]},{"role":"roles/secretmanager.admin_withcond_fb5ceddfbb33e0ab9558","members":["serviceAccount:service-905466639122@gcp-sa-devconnect.iam.gserviceaccount.com"]},{"role":"roles/storage.objectViewer","members":["serviceAccount:firebase-app-hosting-compute@toolsworx-344a5.iam.gserviceaccount.com"]}]},"updateMask":"bindings"}
[debug] [2026-02-07T01:30:00.181Z] <<< [apiv2][status] POST https://cloudresourcemanager.googleapis.com/v1/projects/toolsworx-344a5:setIamPolicy 200
[debug] [2026-02-07T01:30:00.181Z] <<< [apiv2][body] POST https://cloudresourcemanager.googleapis.com/v1/projects/toolsworx-344a5:setIamPolicy {"version":1,"etag":"BwZKMdgfq1U=","bindings":[{"role":"roles/artifactregistry.serviceAgent","members":["serviceAccount:service-905466639122@gcp-sa-artifactregistry.iam.gserviceaccount.com"]},{"role":"roles/cloudbuild.builds.builder","members":["serviceAccount:905466639122@cloudbuild.gserviceaccount.com"]},{"role":"roles/cloudbuild.serviceAgent","members":["serviceAccount:service-905466639122@gcp-sa-cloudbuild.iam.gserviceaccount.com"]},{"role":"roles/compute.instanceGroupManagerServiceAgent","members":["serviceAccount:905466639122@cloudservices.gserviceaccount.com"]},{"role":"roles/compute.serviceAgent","members":["serviceAccount:service-905466639122@compute-system.iam.gserviceaccount.com"]},{"role":"roles/containerregistry.ServiceAgent","members":["serviceAccount:service-905466639122@containerregistry.iam.gserviceaccount.com"]},{"role":"roles/developerconnect.readTokenAccessor","members":["serviceAccount:firebase-app-hosting-compute@toolsworx-344a5.iam.gserviceaccount.com"]},{"role":"roles/developerconnect.serviceAgent","members":["serviceAccount:service-905466639122@gcp-sa-devconnect.iam.gserviceaccount.com"]},{"role":"roles/editor","members":["serviceAccount:905466639122-compute@developer.gserviceaccount.com"]},{"role":"roles/firebase.managementServiceAgent","members":["serviceAccount:service-905466639122@gcp-sa-firebase.iam.gserviceaccount.com"]},{"role":"roles/firebase.sdkAdminServiceAgent","members":["serviceAccount:firebase-adminsdk-fbsvc@toolsworx-344a5.iam.gserviceaccount.com","serviceAccount:firebase-app-hosting-compute@toolsworx-344a5.iam.gserviceaccount.com"]},{"role":"roles/firebaseapphosting.computeRunner","members":["serviceAccount:firebase-app-hosting-compute@toolsworx-344a5.iam.gserviceaccount.com"]},{"role":"roles/firebaseapphosting.serviceAgent","members":["serviceAccount:service-905466639122@gcp-sa-firebaseapphosting.iam.gserviceaccount.com"]},{"role":"roles/firebaseauth.admin","members":["serviceAccount:firebase-adminsdk-fbsvc@toolsworx-344a5.iam.gserviceaccount.com"]},{"role":"roles/firebaserules.system","members":["serviceAccount:service-905466639122@firebase-rules.iam.gserviceaccount.com"]},{"role":"roles/firestore.serviceAgent","members":["serviceAccount:service-905466639122@gcp-sa-firestore.iam.gserviceaccount.com"]},{"role":"roles/iam.serviceAccountTokenCreator","members":["serviceAccount:firebase-adminsdk-fbsvc@toolsworx-344a5.iam.gserviceaccount.com"]},{"role":"roles/owner","members":["user:khan@americanworx.com"]},{"role":"roles/run.serviceAgent","members":["serviceAccount:service-905466639122@serverless-robot-prod.iam.gserviceaccount.com"]},{"role":"roles/secretmanager.admin_withcond_fb5ceddfbb33e0ab9558","members":["serviceAccount:service-905466639122@gcp-sa-devconnect.iam.gserviceaccount.com"]},{"role":"roles/storage.objectViewer","members":["serviceAccount:firebase-app-hosting-compute@toolsworx-344a5.iam.gserviceaccount.com"]}]}
[debug] [2026-02-07T01:30:00.182Z] Checked if tokens are valid: true, expires at: 1770431370448
[debug] [2026-02-07T01:30:00.183Z] Checked if tokens are valid: true, expires at: 1770431370448
[debug] [2026-02-07T01:30:00.183Z] >>> [apiv2][query] GET https://firebaseapphosting.googleapis.com/v1beta/projects/toolsworx-344a5/locations/-/backends 
[debug] [2026-02-07T01:30:02.398Z] <<< [apiv2][status] GET https://firebaseapphosting.googleapis.com/v1beta/projects/toolsworx-344a5/locations/-/backends 200
[debug] [2026-02-07T01:30:02.399Z] <<< [apiv2][body] GET https://firebaseapphosting.googleapis.com/v1beta/projects/toolsworx-344a5/locations/-/backends {"backends":[{"name":"projects/toolsworx-344a5/locations/us-east5/backends/toolsworx","createTime":"2026-01-27T14:36:51.421613633Z","updateTime":"2026-02-02T05:08:56.565991Z","uri":"toolsworx--toolsworx-344a5.us-east5.hosted.app","managedResources":[{"runService":{"service":"projects/905466639122/locations/us-east5/services/toolsworx"}}],"codebase":{"repository":"projects/toolsworx-344a5/locations/us-east5/connections/apphosting-github-conn-1ux1917/gitRepositoryLinks/american-worx-toolsworx","rootDirectory":"/"},"uid":"6bbce1a1-5547-4499-9eac-f18b6e00f656","etag":"CUw6epzn3WC05Fgw92KArY7DUyz7f58wun6hbdWqzLY","reconciling":false,"servingLocality":"GLOBAL_ACCESS","serviceAccount":"firebase-app-hosting-compute@toolsworx-344a5.iam.gserviceaccount.com","appId":"1:905466639122:web:5431bc2d9aed9aaba439cb"}]}
[info] i  apphosting: Found backend(s) toolsworx 
[debug] [2026-02-07T01:30:02.399Z] Checked if tokens are valid: true, expires at: 1770431370448
[debug] [2026-02-07T01:30:02.399Z] Checked if tokens are valid: true, expires at: 1770431370448
[debug] [2026-02-07T01:30:02.399Z] >>> [apiv2][query] GET https://developerconnect.googleapis.com/v1/projects/toolsworx-344a5/locations/us-east5/connections/apphosting-github-conn-1ux1917/gitRepositoryLinks/american-worx-toolsworx [none]
[debug] [2026-02-07T01:30:04.595Z] <<< [apiv2][status] GET https://developerconnect.googleapis.com/v1/projects/toolsworx-344a5/locations/us-east5/connections/apphosting-github-conn-1ux1917/gitRepositoryLinks/american-worx-toolsworx 200
[debug] [2026-02-07T01:30:04.595Z] <<< [apiv2][body] GET https://developerconnect.googleapis.com/v1/projects/toolsworx-344a5/locations/us-east5/connections/apphosting-github-conn-1ux1917/gitRepositoryLinks/american-worx-toolsworx {"name":"projects/toolsworx-344a5/locations/us-east5/connections/apphosting-github-conn-1ux1917/gitRepositoryLinks/american-worx-toolsworx","cloneUri":"https://github.com/american-worx/toolsworx.git","createTime":"2026-01-27T14:34:53.650346027Z","updateTime":"2026-01-27T14:34:54.157385469Z"}
[debug] [2026-02-07T01:30:11.750Z] ExitPromptError: User force closed the prompt with SIGINT
    at Interface.sigint (/home/mcesel/.cache/firebase/tools/lib/node_modules/@inquirer/core/dist/commonjs/lib/create-prompt.js:101:37)
    at Interface.emit (node:events:518:28)
    at [_ttyWrite] [as _ttyWrite] (node:internal/readline/interface:1125:18)
    at ReadStream.onkeypress (node:internal/readline/interface:264:20)
    at ReadStream.emit (node:events:530:35)
    at emitKeys (node:internal/readline/utils:371:14)
    at emitKeys.next (<anonymous>)
    at ReadStream.onData (node:internal/readline/emitKeypressEvents:64:36)
    at ReadStream.emit (node:events:518:28)
    at addChunk (node:internal/streams/readable:561:12)
[error] 
[error] Error: An unexpected error has occurred.
